mode: set
github.com/bllooop/coinshop/cmd/main.go:9.13,11.2 1 0
github.com/bllooop/coinshop/internal/delivery/api/authhandler.go:11.42,13.41 2 1
github.com/bllooop/coinshop/internal/delivery/api/authhandler.go:13.41,17.3 3 0
github.com/bllooop/coinshop/internal/delivery/api/authhandler.go:18.2,19.43 2 1
github.com/bllooop/coinshop/internal/delivery/api/authhandler.go:19.43,23.3 3 1
github.com/bllooop/coinshop/internal/delivery/api/authhandler.go:24.2,28.16 5 1
github.com/bllooop/coinshop/internal/delivery/api/authhandler.go:28.16,32.3 3 1
github.com/bllooop/coinshop/internal/delivery/api/authhandler.go:33.2,36.66 2 1
github.com/bllooop/coinshop/internal/delivery/api/authhandler.go:40.42,45.41 4 1
github.com/bllooop/coinshop/internal/delivery/api/authhandler.go:45.41,49.3 3 0
github.com/bllooop/coinshop/internal/delivery/api/authhandler.go:50.2,50.43 1 1
github.com/bllooop/coinshop/internal/delivery/api/authhandler.go:50.43,54.3 3 1
github.com/bllooop/coinshop/internal/delivery/api/authhandler.go:55.2,57.16 3 1
github.com/bllooop/coinshop/internal/delivery/api/authhandler.go:57.16,58.66 1 1
github.com/bllooop/coinshop/internal/delivery/api/authhandler.go:58.66,66.19 7 1
github.com/bllooop/coinshop/internal/delivery/api/authhandler.go:66.19,70.5 3 0
github.com/bllooop/coinshop/internal/delivery/api/authhandler.go:72.4,73.23 2 1
github.com/bllooop/coinshop/internal/delivery/api/authhandler.go:73.23,77.5 3 0
github.com/bllooop/coinshop/internal/delivery/api/authhandler.go:79.4,84.10 3 1
github.com/bllooop/coinshop/internal/delivery/api/authhandler.go:86.3,87.9 2 1
github.com/bllooop/coinshop/internal/delivery/api/authhandler.go:90.2,91.16 2 1
github.com/bllooop/coinshop/internal/delivery/api/authhandler.go:91.16,95.3 3 0
github.com/bllooop/coinshop/internal/delivery/api/authhandler.go:97.2,100.54 2 1
github.com/bllooop/coinshop/internal/delivery/api/errResponse.go:12.71,15.2 2 1
github.com/bllooop/coinshop/internal/delivery/api/handler.go:13.53,15.2 1 0
github.com/bllooop/coinshop/internal/delivery/api/handler.go:17.44,26.2 4 0
github.com/bllooop/coinshop/internal/delivery/api/handler.go:26.2,28.3 2 0
github.com/bllooop/coinshop/internal/delivery/api/handler.go:28.3,31.4 2 0
github.com/bllooop/coinshop/internal/delivery/api/handler.go:32.3,34.3 2 0
github.com/bllooop/coinshop/internal/delivery/api/handler.go:34.3,38.4 3 0
github.com/bllooop/coinshop/internal/delivery/api/handler.go:40.2,40.15 1 0
github.com/bllooop/coinshop/internal/delivery/api/middleware.go:16.48,18.18 2 0
github.com/bllooop/coinshop/internal/delivery/api/middleware.go:18.18,22.3 3 0
github.com/bllooop/coinshop/internal/delivery/api/middleware.go:23.2,24.27 2 0
github.com/bllooop/coinshop/internal/delivery/api/middleware.go:24.27,28.3 3 0
github.com/bllooop/coinshop/internal/delivery/api/middleware.go:29.2,30.16 2 0
github.com/bllooop/coinshop/internal/delivery/api/middleware.go:30.16,34.3 3 0
github.com/bllooop/coinshop/internal/delivery/api/middleware.go:35.2,35.24 1 0
github.com/bllooop/coinshop/internal/delivery/api/middleware.go:37.45,39.9 2 1
github.com/bllooop/coinshop/internal/delivery/api/middleware.go:39.9,41.3 1 0
github.com/bllooop/coinshop/internal/delivery/api/middleware.go:43.2,44.9 2 1
github.com/bllooop/coinshop/internal/delivery/api/middleware.go:44.9,46.3 1 0
github.com/bllooop/coinshop/internal/delivery/api/middleware.go:48.2,48.19 1 1
github.com/bllooop/coinshop/internal/delivery/api/shophandler.go:13.44,15.41 2 1
github.com/bllooop/coinshop/internal/delivery/api/shophandler.go:15.41,19.3 3 0
github.com/bllooop/coinshop/internal/delivery/api/shophandler.go:20.2,21.16 2 1
github.com/bllooop/coinshop/internal/delivery/api/shophandler.go:21.16,25.3 3 0
github.com/bllooop/coinshop/internal/delivery/api/shophandler.go:27.2,28.42 2 1
github.com/bllooop/coinshop/internal/delivery/api/shophandler.go:28.42,32.3 3 0
github.com/bllooop/coinshop/internal/delivery/api/shophandler.go:33.2,33.57 1 1
github.com/bllooop/coinshop/internal/delivery/api/shophandler.go:33.57,37.3 3 1
github.com/bllooop/coinshop/internal/delivery/api/shophandler.go:38.2,41.16 4 1
github.com/bllooop/coinshop/internal/delivery/api/shophandler.go:41.16,45.3 3 1
github.com/bllooop/coinshop/internal/delivery/api/shophandler.go:46.2,50.4 2 1
github.com/bllooop/coinshop/internal/delivery/api/shophandler.go:53.43,55.40 2 1
github.com/bllooop/coinshop/internal/delivery/api/shophandler.go:55.40,59.3 3 0
github.com/bllooop/coinshop/internal/delivery/api/shophandler.go:60.2,61.16 2 1
github.com/bllooop/coinshop/internal/delivery/api/shophandler.go:61.16,65.3 3 0
github.com/bllooop/coinshop/internal/delivery/api/shophandler.go:66.2,70.16 4 1
github.com/bllooop/coinshop/internal/delivery/api/shophandler.go:70.16,74.3 3 1
github.com/bllooop/coinshop/internal/delivery/api/shophandler.go:75.2,79.4 2 1
github.com/bllooop/coinshop/internal/delivery/api/shophandler.go:82.43,84.40 2 1
github.com/bllooop/coinshop/internal/delivery/api/shophandler.go:84.40,88.3 3 0
github.com/bllooop/coinshop/internal/delivery/api/shophandler.go:89.2,90.16 2 1
github.com/bllooop/coinshop/internal/delivery/api/shophandler.go:90.16,94.3 3 0
github.com/bllooop/coinshop/internal/delivery/api/shophandler.go:95.2,97.16 3 1
github.com/bllooop/coinshop/internal/delivery/api/shophandler.go:97.16,98.36 1 1
github.com/bllooop/coinshop/internal/delivery/api/shophandler.go:98.36,102.4 3 1
github.com/bllooop/coinshop/internal/delivery/api/shophandler.go:103.3,105.9 3 1
github.com/bllooop/coinshop/internal/delivery/api/shophandler.go:107.2,109.30 2 1
github.com/bllooop/coinshop/internal/usecase/authusecase.go:17.63,21.2 1 0
github.com/bllooop/coinshop/internal/usecase/authusecase.go:34.65,37.16 3 0
github.com/bllooop/coinshop/internal/usecase/authusecase.go:37.16,39.3 1 0
github.com/bllooop/coinshop/internal/usecase/authusecase.go:40.2,40.32 1 0
github.com/bllooop/coinshop/internal/usecase/authusecase.go:42.80,44.16 2 0
github.com/bllooop/coinshop/internal/usecase/authusecase.go:44.16,46.3 1 0
github.com/bllooop/coinshop/internal/usecase/authusecase.go:47.2,47.46 1 0
github.com/bllooop/coinshop/internal/usecase/authusecase.go:47.46,49.3 1 0
github.com/bllooop/coinshop/internal/usecase/authusecase.go:50.2,50.18 1 0
github.com/bllooop/coinshop/internal/usecase/authusecase.go:52.65,61.2 2 0
github.com/bllooop/coinshop/internal/usecase/authusecase.go:63.67,64.109 1 0
github.com/bllooop/coinshop/internal/usecase/authusecase.go:64.109,65.58 1 0
github.com/bllooop/coinshop/internal/usecase/authusecase.go:65.58,67.4 1 0
github.com/bllooop/coinshop/internal/usecase/authusecase.go:69.3,69.33 1 0
github.com/bllooop/coinshop/internal/usecase/authusecase.go:71.2,71.16 1 0
github.com/bllooop/coinshop/internal/usecase/authusecase.go:71.16,73.3 1 0
github.com/bllooop/coinshop/internal/usecase/authusecase.go:75.2,76.9 2 0
github.com/bllooop/coinshop/internal/usecase/authusecase.go:76.9,78.3 1 0
github.com/bllooop/coinshop/internal/usecase/authusecase.go:80.2,80.27 1 0
github.com/bllooop/coinshop/internal/usecase/authusecase.go:83.52,86.2 2 0
github.com/bllooop/coinshop/internal/usecase/authusecase.go:88.59,91.2 2 0
github.com/bllooop/coinshop/internal/usecase/shopusecase.go:14.63,18.2 1 0
github.com/bllooop/coinshop/internal/usecase/shopusecase.go:20.84,25.2 4 0
github.com/bllooop/coinshop/internal/usecase/shopusecase.go:27.69,29.2 1 0
github.com/bllooop/coinshop/internal/usecase/shopusecase.go:31.79,33.2 1 0
github.com/bllooop/coinshop/internal/usecase/usecase.go:25.55,30.2 1 0
github.com/bllooop/coinshop/internal/usecase/mocks/mock.go:32.71,36.2 3 1
github.com/bllooop/coinshop/internal/usecase/mocks/mock.go:39.69,41.2 1 1
github.com/bllooop/coinshop/internal/usecase/mocks/mock.go:44.71,50.2 5 1
github.com/bllooop/coinshop/internal/usecase/mocks/mock.go:53.76,56.2 2 1
github.com/bllooop/coinshop/internal/usecase/mocks/mock.go:59.71,65.2 5 1
github.com/bllooop/coinshop/internal/usecase/mocks/mock.go:68.81,71.2 2 1
github.com/bllooop/coinshop/internal/usecase/mocks/mock.go:74.73,80.2 5 0
github.com/bllooop/coinshop/internal/usecase/mocks/mock.go:83.83,86.2 2 0
github.com/bllooop/coinshop/internal/usecase/mocks/mock.go:89.86,95.2 5 1
github.com/bllooop/coinshop/internal/usecase/mocks/mock.go:98.88,101.2 2 1
github.com/bllooop/coinshop/internal/usecase/mocks/mock.go:116.53,120.2 3 1
github.com/bllooop/coinshop/internal/usecase/mocks/mock.go:123.51,125.2 1 1
github.com/bllooop/coinshop/internal/usecase/mocks/mock.go:128.66,134.2 5 1
github.com/bllooop/coinshop/internal/usecase/mocks/mock.go:137.72,140.2 2 1
github.com/bllooop/coinshop/internal/usecase/mocks/mock.go:143.76,149.2 5 1
github.com/bllooop/coinshop/internal/usecase/mocks/mock.go:152.73,155.2 2 1
github.com/bllooop/coinshop/internal/usecase/mocks/mock.go:158.81,164.2 5 1
github.com/bllooop/coinshop/internal/usecase/mocks/mock.go:167.74,170.2 2 1
github.com/bllooop/coinshop/internal/usecase/mocks/mock.go:32.71,36.2 3 0
github.com/bllooop/coinshop/internal/usecase/mocks/mock.go:39.69,41.2 1 0
github.com/bllooop/coinshop/internal/usecase/mocks/mock.go:44.71,50.2 5 0
github.com/bllooop/coinshop/internal/usecase/mocks/mock.go:53.76,56.2 2 0
github.com/bllooop/coinshop/internal/usecase/mocks/mock.go:59.71,65.2 5 0
github.com/bllooop/coinshop/internal/usecase/mocks/mock.go:68.81,71.2 2 0
github.com/bllooop/coinshop/internal/usecase/mocks/mock.go:74.73,80.2 5 0
github.com/bllooop/coinshop/internal/usecase/mocks/mock.go:83.83,86.2 2 0
github.com/bllooop/coinshop/internal/usecase/mocks/mock.go:89.86,95.2 5 0
github.com/bllooop/coinshop/internal/usecase/mocks/mock.go:98.88,101.2 2 0
github.com/bllooop/coinshop/internal/usecase/mocks/mock.go:116.53,120.2 3 0
github.com/bllooop/coinshop/internal/usecase/mocks/mock.go:123.51,125.2 1 0
github.com/bllooop/coinshop/internal/usecase/mocks/mock.go:128.66,134.2 5 0
github.com/bllooop/coinshop/internal/usecase/mocks/mock.go:137.72,140.2 2 0
github.com/bllooop/coinshop/internal/usecase/mocks/mock.go:143.76,149.2 5 0
github.com/bllooop/coinshop/internal/usecase/mocks/mock.go:152.73,155.2 2 0
github.com/bllooop/coinshop/internal/usecase/mocks/mock.go:158.81,164.2 5 0
github.com/bllooop/coinshop/internal/usecase/mocks/mock.go:167.74,170.2 2 0
github.com/bllooop/coinshop/internal/usecase/authusecase.go:17.63,21.2 1 0
github.com/bllooop/coinshop/internal/usecase/authusecase.go:34.65,37.16 3 0
github.com/bllooop/coinshop/internal/usecase/authusecase.go:37.16,39.3 1 0
github.com/bllooop/coinshop/internal/usecase/authusecase.go:40.2,40.32 1 0
github.com/bllooop/coinshop/internal/usecase/authusecase.go:42.80,44.16 2 0
github.com/bllooop/coinshop/internal/usecase/authusecase.go:44.16,46.3 1 0
github.com/bllooop/coinshop/internal/usecase/authusecase.go:47.2,47.46 1 0
github.com/bllooop/coinshop/internal/usecase/authusecase.go:47.46,49.3 1 0
github.com/bllooop/coinshop/internal/usecase/authusecase.go:50.2,50.18 1 0
github.com/bllooop/coinshop/internal/usecase/authusecase.go:52.65,61.2 2 0
github.com/bllooop/coinshop/internal/usecase/authusecase.go:63.67,64.109 1 0
github.com/bllooop/coinshop/internal/usecase/authusecase.go:64.109,65.58 1 0
github.com/bllooop/coinshop/internal/usecase/authusecase.go:65.58,67.4 1 0
github.com/bllooop/coinshop/internal/usecase/authusecase.go:69.3,69.33 1 0
github.com/bllooop/coinshop/internal/usecase/authusecase.go:71.2,71.16 1 0
github.com/bllooop/coinshop/internal/usecase/authusecase.go:71.16,73.3 1 0
github.com/bllooop/coinshop/internal/usecase/authusecase.go:75.2,76.9 2 0
github.com/bllooop/coinshop/internal/usecase/authusecase.go:76.9,78.3 1 0
github.com/bllooop/coinshop/internal/usecase/authusecase.go:80.2,80.27 1 0
github.com/bllooop/coinshop/internal/usecase/authusecase.go:83.52,86.2 2 0
github.com/bllooop/coinshop/internal/usecase/authusecase.go:88.59,91.2 2 0
github.com/bllooop/coinshop/internal/usecase/shopusecase.go:14.63,18.2 1 0
github.com/bllooop/coinshop/internal/usecase/shopusecase.go:20.84,25.2 4 0
github.com/bllooop/coinshop/internal/usecase/shopusecase.go:27.69,29.2 1 0
github.com/bllooop/coinshop/internal/usecase/shopusecase.go:31.79,33.2 1 0
github.com/bllooop/coinshop/internal/usecase/usecase.go:25.55,30.2 1 0
github.com/bllooop/coinshop/internal/server/runserver.go:19.12,22.37 2 0
github.com/bllooop/coinshop/internal/server/runserver.go:22.37,25.3 2 0
github.com/bllooop/coinshop/internal/server/runserver.go:26.2,26.40 1 0
github.com/bllooop/coinshop/internal/server/runserver.go:26.40,29.3 2 0
github.com/bllooop/coinshop/internal/server/runserver.go:30.2,39.16 3 0
github.com/bllooop/coinshop/internal/server/runserver.go:39.16,42.3 2 0
github.com/bllooop/coinshop/internal/server/runserver.go:43.2,54.30 4 0
github.com/bllooop/coinshop/internal/server/runserver.go:54.30,57.3 2 0
github.com/bllooop/coinshop/internal/server/runserver.go:58.2,58.16 1 0
github.com/bllooop/coinshop/internal/server/runserver.go:58.16,61.3 2 0
github.com/bllooop/coinshop/internal/server/runserver.go:62.2,70.12 8 0
github.com/bllooop/coinshop/internal/server/runserver.go:70.12,72.117 2 0
github.com/bllooop/coinshop/internal/server/runserver.go:72.117,74.4 1 0
github.com/bllooop/coinshop/internal/server/runserver.go:74.9,77.4 2 0
github.com/bllooop/coinshop/internal/server/runserver.go:79.2,89.42 11 0
github.com/bllooop/coinshop/internal/server/runserver.go:89.42,92.3 2 0
github.com/bllooop/coinshop/internal/server/runserver.go:95.25,99.2 3 0
github.com/bllooop/coinshop/internal/server/server.go:13.69,22.2 2 0
github.com/bllooop/coinshop/internal/server/server.go:24.54,26.2 1 0
github.com/bllooop/coinshop/internal/repository/authrepository.go:16.49,20.2 1 1
github.com/bllooop/coinshop/internal/repository/authrepository.go:22.66,26.38 4 1
github.com/bllooop/coinshop/internal/repository/authrepository.go:26.38,28.3 1 1
github.com/bllooop/coinshop/internal/repository/authrepository.go:29.2,29.16 1 1
github.com/bllooop/coinshop/internal/repository/authrepository.go:32.71,37.16 5 1
github.com/bllooop/coinshop/internal/repository/authrepository.go:37.16,38.36 1 1
github.com/bllooop/coinshop/internal/repository/authrepository.go:38.36,40.4 1 1
github.com/bllooop/coinshop/internal/repository/authrepository.go:41.3,41.28 1 0
github.com/bllooop/coinshop/internal/repository/authrepository.go:43.2,43.18 1 1
github.com/bllooop/coinshop/internal/repository/authrepository.go:46.38,48.2 1 0
github.com/bllooop/coinshop/internal/repository/migrate.go:12.55,16.16 3 0
github.com/bllooop/coinshop/internal/repository/migrate.go:16.16,18.3 1 0
github.com/bllooop/coinshop/internal/repository/migrate.go:19.2,22.16 4 0
github.com/bllooop/coinshop/internal/repository/migrate.go:22.16,24.3 1 0
github.com/bllooop/coinshop/internal/repository/migrate.go:25.2,26.16 2 0
github.com/bllooop/coinshop/internal/repository/migrate.go:26.16,28.3 1 0
github.com/bllooop/coinshop/internal/repository/migrate.go:29.2,30.12 2 0
github.com/bllooop/coinshop/internal/repository/postgres.go:27.50,34.16 6 0
github.com/bllooop/coinshop/internal/repository/postgres.go:34.16,36.3 1 0
github.com/bllooop/coinshop/internal/repository/postgres.go:37.2,37.16 1 0
github.com/bllooop/coinshop/internal/repository/repository.go:23.45,28.2 1 0
github.com/bllooop/coinshop/internal/repository/shoprepository.go:18.49,22.2 1 1
github.com/bllooop/coinshop/internal/repository/shoprepository.go:24.70,26.16 2 1
github.com/bllooop/coinshop/internal/repository/shoprepository.go:26.16,28.3 1 0
github.com/bllooop/coinshop/internal/repository/shoprepository.go:29.2,34.49 5 1
github.com/bllooop/coinshop/internal/repository/shoprepository.go:34.49,35.36 1 1
github.com/bllooop/coinshop/internal/repository/shoprepository.go:35.36,37.4 1 0
github.com/bllooop/coinshop/internal/repository/shoprepository.go:39.3,39.16 1 1
github.com/bllooop/coinshop/internal/repository/shoprepository.go:41.2,43.41 3 1
github.com/bllooop/coinshop/internal/repository/shoprepository.go:43.41,45.3 1 0
github.com/bllooop/coinshop/internal/repository/shoprepository.go:46.2,46.22 1 1
github.com/bllooop/coinshop/internal/repository/shoprepository.go:46.22,48.3 1 1
github.com/bllooop/coinshop/internal/repository/shoprepository.go:49.2,51.37 3 1
github.com/bllooop/coinshop/internal/repository/shoprepository.go:51.37,53.25 2 0
github.com/bllooop/coinshop/internal/repository/shoprepository.go:53.25,55.4 1 0
github.com/bllooop/coinshop/internal/repository/shoprepository.go:56.3,56.17 1 0
github.com/bllooop/coinshop/internal/repository/shoprepository.go:58.2,60.16 3 1
github.com/bllooop/coinshop/internal/repository/shoprepository.go:60.16,62.25 2 0
github.com/bllooop/coinshop/internal/repository/shoprepository.go:62.25,64.4 1 0
github.com/bllooop/coinshop/internal/repository/shoprepository.go:65.3,65.16 1 0
github.com/bllooop/coinshop/internal/repository/shoprepository.go:67.2,68.24 2 1
github.com/bllooop/coinshop/internal/repository/shoprepository.go:71.73,73.16 2 1
github.com/bllooop/coinshop/internal/repository/shoprepository.go:73.16,75.3 1 0
github.com/bllooop/coinshop/internal/repository/shoprepository.go:76.2,79.16 3 1
github.com/bllooop/coinshop/internal/repository/shoprepository.go:79.16,81.3 1 0
github.com/bllooop/coinshop/internal/repository/shoprepository.go:83.2,83.29 1 1
github.com/bllooop/coinshop/internal/repository/shoprepository.go:83.29,85.3 1 0
github.com/bllooop/coinshop/internal/repository/shoprepository.go:87.2,88.16 2 1
github.com/bllooop/coinshop/internal/repository/shoprepository.go:88.16,90.3 1 1
github.com/bllooop/coinshop/internal/repository/shoprepository.go:91.2,92.80 2 1
github.com/bllooop/coinshop/internal/repository/shoprepository.go:92.80,94.3 1 0
github.com/bllooop/coinshop/internal/repository/shoprepository.go:96.2,97.16 2 1
github.com/bllooop/coinshop/internal/repository/shoprepository.go:97.16,99.3 1 1
github.com/bllooop/coinshop/internal/repository/shoprepository.go:101.2,102.24 2 1
github.com/bllooop/coinshop/internal/repository/shoprepository.go:105.61,107.16 2 1
github.com/bllooop/coinshop/internal/repository/shoprepository.go:107.16,109.3 1 0
github.com/bllooop/coinshop/internal/repository/shoprepository.go:110.2,110.16 1 1
github.com/bllooop/coinshop/internal/repository/shoprepository.go:113.82,117.42 4 1
github.com/bllooop/coinshop/internal/repository/shoprepository.go:117.42,119.3 1 0
github.com/bllooop/coinshop/internal/repository/shoprepository.go:120.2,120.20 1 1
github.com/bllooop/coinshop/internal/repository/shoprepository.go:123.88,127.42 4 1
github.com/bllooop/coinshop/internal/repository/shoprepository.go:127.42,129.3 1 1
github.com/bllooop/coinshop/internal/repository/shoprepository.go:130.2,130.20 1 1
github.com/bllooop/coinshop/internal/repository/shoprepository.go:133.87,136.16 3 1
github.com/bllooop/coinshop/internal/repository/shoprepository.go:136.16,138.3 1 0
github.com/bllooop/coinshop/internal/repository/shoprepository.go:140.2,142.12 3 1
github.com/bllooop/coinshop/internal/repository/shoprepository.go:145.95,149.38 4 1
github.com/bllooop/coinshop/internal/repository/shoprepository.go:149.38,151.3 1 1
github.com/bllooop/coinshop/internal/repository/shoprepository.go:152.2,152.16 1 1
github.com/bllooop/coinshop/internal/repository/shoprepository.go:155.80,158.16 3 0
github.com/bllooop/coinshop/internal/repository/shoprepository.go:158.16,160.3 1 0
github.com/bllooop/coinshop/internal/repository/shoprepository.go:162.2,170.16 3 0
github.com/bllooop/coinshop/internal/repository/shoprepository.go:170.16,172.3 1 0
github.com/bllooop/coinshop/internal/repository/shoprepository.go:174.2,181.16 3 0
github.com/bllooop/coinshop/internal/repository/shoprepository.go:181.16,183.3 1 0
github.com/bllooop/coinshop/internal/repository/shoprepository.go:185.2,192.16 3 0
github.com/bllooop/coinshop/internal/repository/shoprepository.go:192.16,194.3 1 0
github.com/bllooop/coinshop/internal/repository/shoprepository.go:196.2,206.25 3 0
github.com/bllooop/coinshop/internal/repository/shoprepository.go:209.38,211.2 1 0
github.com/bllooop/coinshop/internal/usecase/authusecase.go:17.63,21.2 1 1
github.com/bllooop/coinshop/internal/usecase/authusecase.go:34.65,37.16 3 1
github.com/bllooop/coinshop/internal/usecase/authusecase.go:37.16,39.3 1 0
github.com/bllooop/coinshop/internal/usecase/authusecase.go:40.2,40.32 1 1
github.com/bllooop/coinshop/internal/usecase/authusecase.go:42.80,44.16 2 1
github.com/bllooop/coinshop/internal/usecase/authusecase.go:44.16,46.3 1 0
github.com/bllooop/coinshop/internal/usecase/authusecase.go:47.2,47.46 1 1
github.com/bllooop/coinshop/internal/usecase/authusecase.go:47.46,49.3 1 0
github.com/bllooop/coinshop/internal/usecase/authusecase.go:50.2,50.18 1 1
github.com/bllooop/coinshop/internal/usecase/authusecase.go:52.65,61.2 2 1
github.com/bllooop/coinshop/internal/usecase/authusecase.go:63.67,64.109 1 0
github.com/bllooop/coinshop/internal/usecase/authusecase.go:64.109,65.58 1 0
github.com/bllooop/coinshop/internal/usecase/authusecase.go:65.58,67.4 1 0
github.com/bllooop/coinshop/internal/usecase/authusecase.go:69.3,69.33 1 0
github.com/bllooop/coinshop/internal/usecase/authusecase.go:71.2,71.16 1 0
github.com/bllooop/coinshop/internal/usecase/authusecase.go:71.16,73.3 1 0
github.com/bllooop/coinshop/internal/usecase/authusecase.go:75.2,76.9 2 0
github.com/bllooop/coinshop/internal/usecase/authusecase.go:76.9,78.3 1 0
github.com/bllooop/coinshop/internal/usecase/authusecase.go:80.2,80.27 1 0
github.com/bllooop/coinshop/internal/usecase/authusecase.go:83.52,86.2 2 1
github.com/bllooop/coinshop/internal/usecase/authusecase.go:88.59,91.2 2 1
github.com/bllooop/coinshop/internal/usecase/shopusecase.go:14.63,18.2 1 1
github.com/bllooop/coinshop/internal/usecase/shopusecase.go:20.84,25.2 4 1
github.com/bllooop/coinshop/internal/usecase/shopusecase.go:27.69,29.2 1 1
github.com/bllooop/coinshop/internal/usecase/shopusecase.go:31.79,33.2 1 1
github.com/bllooop/coinshop/internal/usecase/usecase.go:25.55,30.2 1 0
